<?xml version="1.0" encoding="UTF-8"?>
<testsuite xmlns:xsi="http://www.w3.org/2001/XMLSchema-instance" xsi:noNamespaceSchemaLocation="https://maven.apache.org/surefire/maven-surefire-plugin/xsd/surefire-test-report.xsd" version="3.0.2" name="com.anotites.service.PersonServiceTest" time="0.598" tests="3" errors="0" skipped="0" failures="0">
  <properties>
[...]
</properties>
  <testcase name="testLoadPerson" classname="com.anotites.service.PersonServiceTest" time="0.578">
    <system-out><![CDATA[Hibernate: 
    insert 
    into
        Person
        (age, name, surname) 
    values
        (?, ?, ?)
Hibernate: 
    select
        p1_0.id,
        p1_0.age,
        p1_0.name,
        p1_0.surname 
    from
        Person p1_0 
    where
        p1_0.id=?
]]></system-out>
    <system-err><![CDATA[авг. 15, 2026 12:32:26 PM org.hibernate.Version logVersion
INFO: HHH000412: Hibernate ORM core version 6.4.0.Final
авг. 15, 2026 12:32:26 PM org.hibernate.cache.internal.RegionFactoryInitiator initiateService
INFO: HHH000026: Second-level cache disabled
авг. 15, 2026 12:32:26 PM org.hibernate.engine.jdbc.connections.internal.DriverManagerConnectionProviderImpl configure
WARN: HHH10001002: Using built-in connection pool (not intended for production use)
авг. 15, 2026 12:32:26 PM org.hibernate.engine.jdbc.connections.internal.DriverManagerConnectionProviderImpl buildCreator
INFO: HHH10001005: Loaded JDBC driver class: com.mysql.cj.jdbc.Driver
авг. 15, 2026 12:32:26 PM org.hibernate.engine.jdbc.connections.internal.DriverManagerConnectionProviderImpl buildCreator
INFO: HHH10001012: Connecting with JDBC URL [jdbc:mysql://localhost:3306/MyNewDB?createDatabaseIfNotExist=true]
авг. 15, 2026 12:32:26 PM org.hibernate.engine.jdbc.connections.internal.DriverManagerConnectionProviderImpl buildCreator
INFO: HHH10001001: Connection properties: {password=****, user=root}
авг. 15, 2026 12:32:26 PM org.hibernate.engine.jdbc.connections.internal.DriverManagerConnectionProviderImpl buildCreator
INFO: HHH10001003: Autocommit mode: false
авг. 15, 2026 12:32:26 PM org.hibernate.engine.jdbc.connections.internal.DriverManagerConnectionProviderImpl$PooledConnections <init>
INFO: HHH10001115: Connection pool size: 20 (min=1)
авг. 15, 2026 12:32:27 PM org.hibernate.resource.transaction.backend.jdbc.internal.DdlTransactionIsolatorNonJtaImpl getIsolatedConnection
INFO: HHH10001501: Connection obtained from JdbcConnectionAccess [org.hibernate.engine.jdbc.env.internal.JdbcEnvironmentInitiator$ConnectionProviderJdbcConnectionAccess@677349fb] for (non-JTA) DDL execution was not in auto-commit mode; the Connection 'local transaction' will be committed and the Connection will be set into auto-commit mode.
]]></system-err>
  </testcase>
  <testcase name="testDeletePerson" classname="com.anotites.service.PersonServiceTest" time="0.006">
    <system-out><![CDATA[Hibernate: 
    insert 
    into
        Person
        (age, name, surname) 
    values
        (?, ?, ?)
Hibernate: 
    select
        p1_0.id,
        p1_0.age,
        p1_0.name,
        p1_0.surname 
    from
        Person p1_0 
    where
        p1_0.id=?
Hibernate: 
    delete 
    from
        Person 
    where
        id=?
Hibernate: 
    select
        p1_0.id,
        p1_0.age,
        p1_0.name,
        p1_0.surname 
    from
        Person p1_0 
    where
        p1_0.id=?
]]></system-out>
  </testcase>
  <testcase name="testSavePerson" classname="com.anotites.service.PersonServiceTest" time="0.003">
    <system-out><![CDATA[Hibernate: 
    insert 
    into
        Person
        (age, name, surname) 
    values
        (?, ?, ?)
Hibernate: 
    select
        p1_0.id,
        p1_0.age,
        p1_0.name,
        p1_0.surname 
    from
        Person p1_0 
    where
        p1_0.id=?
]]></system-out>
  </testcase>
</testsuite>